<?xml version="1.0" encoding="UTF-8"?>
<!-- Generated by org.testng.reporters.JUnitReportReporter -->
<testsuite skipped="0" hostname="DESKTOP-KEUUNMG" name="listeners.TestNGListenerdemo" tests="3" failures="0" timestamp="12 Apr 2020 06:13:34 GMT" time="0.038" errors="0">
  <testcase name="test3" time="0.001" classname="listeners.TestNGListenerdemo"/>
  <testcase name="test2" time="0.003" classname="listeners.TestNGListenerdemo"/>
  <testcase name="test1" time="0.034" classname="listeners.TestNGListenerdemo"/>
</testsuite> <!-- listeners.TestNGListenerdemo -->
